<?xml version="1.0" encoding="UTF-8"?>
<testng-results ignored="0" total="2" passed="2" failed="0" skipped="0">
  <reporter-output>
  </reporter-output>
  <suite started-at="2022-01-30T12:10:34Z" name="Suite" finished-at="2022-01-30T12:10:56Z" duration-ms="22391">
    <groups>
    </groups>
    <test started-at="2022-01-30T12:10:34Z" name="Test1" finished-at="2022-01-30T12:10:43Z" duration-ms="9048">
      <class name="scripts.LoginTest">
        <test-method is-config="true" signature="preCondition(java.lang.String, java.lang.String, org.testng.ITestResult)[pri:0, instance:scripts.LoginTest@7bd7d6d6]" started-at="2022-01-30T12:10:34Z" name="preCondition" finished-at="2022-01-30T12:10:42Z" duration-ms="7473" status="PASS">
          <params>
            <param index="0">
              <value>
                <![CDATA[http://localhost:4444/wd/hub]]>
              </value>
            </param>
            <param index="1">
              <value>
                <![CDATA[chrome]]>
              </value>
            </param>
            <param index="2">
              <value>
                <![CDATA[[TestResult name=testLogin status=SUCCESS method=LoginTest.testLogin(java.lang.String, java.lang.String)[pri:0, instance:scripts.LoginTest@7bd7d6d6] output={null}]]]>
              </value>
            </param>
          </params>
          <reporter-output>
          </reporter-output>
        </test-method> <!-- preCondition -->
        <test-method signature="testLogin(java.lang.String, java.lang.String)[pri:0, instance:scripts.LoginTest@7bd7d6d6]" started-at="2022-01-30T12:10:42Z" name="testLogin" data-provider="getDataFromCSV" finished-at="2022-01-30T12:10:42Z" duration-ms="552" status="PASS">
          <params>
            <param index="0">
              <value>
                <![CDATA[vijay.udagatti]]>
              </value>
            </param>
            <param index="1">
              <value>
                <![CDATA[chandviji]]>
              </value>
            </param>
          </params>
          <reporter-output>
          </reporter-output>
        </test-method> <!-- testLogin -->
        <test-method is-config="true" signature="postCondition(org.testng.ITestResult)[pri:0, instance:scripts.LoginTest@7bd7d6d6]" started-at="2022-01-30T12:10:42Z" name="postCondition" finished-at="2022-01-30T12:10:43Z" duration-ms="972" status="PASS">
          <params>
            <param index="0">
              <value>
                <![CDATA[[TestResult name=testLogin status=SUCCESS method=LoginTest.testLogin(java.lang.String, java.lang.String)[pri:0, instance:scripts.LoginTest@7bd7d6d6] output={null}]]]>
              </value>
            </param>
          </params>
          <reporter-output>
          </reporter-output>
        </test-method> <!-- postCondition -->
      </class> <!-- scripts.LoginTest -->
    </test> <!-- Test1 -->
    <test started-at="2022-01-30T12:10:34Z" name="Test2" finished-at="2022-01-30T12:10:56Z" duration-ms="22390">
      <class name="scripts.LoginTest">
        <test-method is-config="true" signature="initReport()[pri:0, instance:scripts.LoginTest@50378a4]" started-at="2022-01-30T12:10:34Z" name="initReport" finished-at="2022-01-30T12:10:34Z" duration-ms="351" status="PASS">
          <reporter-output>
          </reporter-output>
        </test-method> <!-- initReport -->
        <test-method is-config="true" signature="preCondition(java.lang.String, java.lang.String, org.testng.ITestResult)[pri:0, instance:scripts.LoginTest@50378a4]" started-at="2022-01-30T12:10:34Z" name="preCondition" finished-at="2022-01-30T12:10:50Z" duration-ms="15929" status="PASS">
          <params>
            <param index="0">
              <value>
                <![CDATA[http://localhost:4444/wd/hub]]>
              </value>
            </param>
            <param index="1">
              <value>
                <![CDATA[firefox]]>
              </value>
            </param>
            <param index="2">
              <value>
                <![CDATA[[TestResult name=testLogin status=SUCCESS method=LoginTest.testLogin(java.lang.String, java.lang.String)[pri:0, instance:scripts.LoginTest@50378a4] output={null}]]]>
              </value>
            </param>
          </params>
          <reporter-output>
          </reporter-output>
        </test-method> <!-- preCondition -->
        <test-method signature="testLogin(java.lang.String, java.lang.String)[pri:0, instance:scripts.LoginTest@50378a4]" started-at="2022-01-30T12:10:50Z" name="testLogin" data-provider="getDataFromCSV" finished-at="2022-01-30T12:10:54Z" duration-ms="4392" status="PASS">
          <params>
            <param index="0">
              <value>
                <![CDATA[vijay.udagatti]]>
              </value>
            </param>
            <param index="1">
              <value>
                <![CDATA[chandviji]]>
              </value>
            </param>
          </params>
          <reporter-output>
          </reporter-output>
        </test-method> <!-- testLogin -->
        <test-method is-config="true" signature="postCondition(org.testng.ITestResult)[pri:0, instance:scripts.LoginTest@50378a4]" started-at="2022-01-30T12:10:54Z" name="postCondition" finished-at="2022-01-30T12:10:56Z" duration-ms="2024" status="PASS">
          <params>
            <param index="0">
              <value>
                <![CDATA[[TestResult name=testLogin status=SUCCESS method=LoginTest.testLogin(java.lang.String, java.lang.String)[pri:0, instance:scripts.LoginTest@50378a4] output={null}]]]>
              </value>
            </param>
          </params>
          <reporter-output>
          </reporter-output>
        </test-method> <!-- postCondition -->
        <test-method is-config="true" signature="publishReport()[pri:0, instance:scripts.LoginTest@50378a4]" started-at="2022-01-30T12:10:56Z" name="publishReport" finished-at="2022-01-30T12:10:57Z" duration-ms="886" status="PASS">
          <reporter-output>
          </reporter-output>
        </test-method> <!-- publishReport -->
      </class> <!-- scripts.LoginTest -->
    </test> <!-- Test2 -->
  </suite> <!-- Suite -->
</testng-results>
