<?xml version="1.0" encoding="UTF-8"?>
<testsuite xmlns:xsi="http://www.w3.org/2001/XMLSchema-instance" xsi:noNamespaceSchemaLocation="https://maven.apache.org/surefire/maven-surefire-plugin/xsd/surefire-test-report-3.0.xsd" version="3.0" name="TestSuite" time="14.086" tests="1" errors="0" skipped="0" failures="0">
  <properties>
[...]
</properties>
  <testcase name="testLogin[vijay.udagatti, chandviji](1)" classname="scripts.LoginTest" time="0.403">
    <system-out><![CDATA[[TestNGContentHandler] [WARN] It is strongly recommended to add "<!DOCTYPE suite SYSTEM "http://testng.org/testng-1.0.dtd" >" at the top of your file, otherwise TestNG may fail or not work as expected.
THIS IS BEFORE NAVIGATE TO :https://www.facebook.com/
THIS IS AFTER NAVIGATE TO :https://www.facebook.com/
THIS IS BEFORE FINDING THE ELEMENT: null
THIS IS AFTER FINDING THE ELEMENT: [[ChromeDriver: chrome on WINDOWS (558d8adae76c933a219ccff2752f4e48)] -> name: email]
THIS IS BEFORE FINDING THE ELEMENT: null
THIS IS AFTER FINDING THE ELEMENT: [[ChromeDriver: chrome on WINDOWS (558d8adae76c933a219ccff2752f4e48)] -> name: pass]
THIS IS BEFORE FINDING THE ELEMENT: null
THIS IS AFTER FINDING THE ELEMENT: [[ChromeDriver: chrome on WINDOWS (558d8adae76c933a219ccff2752f4e48)] -> name: login]
THIS IS BEFORE CLICKING THE ELEMENT: [[ChromeDriver: chrome on WINDOWS (558d8adae76c933a219ccff2752f4e48)] -> name: login]
THIS IS AFTER CLICKING THE ELEMENT: [[ChromeDriver: chrome on WINDOWS (558d8adae76c933a219ccff2752f4e48)] -> name: login]
]]></system-out>
    <system-err><![CDATA[SLF4J: Failed to load class "org.slf4j.impl.StaticLoggerBinder".
SLF4J: Defaulting to no-operation (NOP) logger implementation
SLF4J: See http://www.slf4j.org/codes.html#StaticLoggerBinder for further details.
Starting ChromeDriver 97.0.4692.71 (adefa7837d02a07a604c1e6eff0b3a09422ab88d-refs/branch-heads/4692@{#1247}) on port 19297
Only local connections are allowed.
Please see https://chromedriver.chromium.org/security-considerations for suggestions on keeping ChromeDriver safe.
ChromeDriver was started successfully.
Jan 29, 2022 5:25:51 PM org.openqa.selenium.remote.ProtocolHandshake createSession
INFO: Detected dialect: W3C
log4j:WARN No appenders could be found for logger (scripts.LoginTest).
log4j:WARN Please initialize the log4j system properly.
log4j:WARN See http://logging.apache.org/log4j/1.2/faq.html#noconfig for more info.
]]></system-err>
  </testcase>
</testsuite>