<?xml version="1.0" encoding="UTF-8"?>
<testng-results ignored="0" total="1" passed="1" failed="0" skipped="0">
  <reporter-output>
  </reporter-output>
  <suite started-at="2022-01-29T11:55:46Z" name="Suite" finished-at="2022-01-29T11:55:57Z" duration-ms="10935">
    <groups>
    </groups>
    <test started-at="2022-01-29T11:55:46Z" name="Test" finished-at="2022-01-29T11:55:57Z" duration-ms="10935">
      <class name="scripts.LoginTest">
        <test-method is-config="true" signature="initReport()[pri:0, instance:scripts.LoginTest@7a1234bf]" started-at="2022-01-29T11:55:45Z" name="initReport" finished-at="2022-01-29T11:55:46Z" duration-ms="406" status="PASS">
          <reporter-output>
          </reporter-output>
        </test-method> <!-- initReport -->
        <test-method is-config="true" signature="preCondition(java.lang.String, java.lang.String, org.testng.ITestResult)[pri:0, instance:scripts.LoginTest@7a1234bf]" started-at="2022-01-29T11:55:46Z" name="preCondition" finished-at="2022-01-29T11:55:55Z" duration-ms="9582" status="PASS">
          <params>
            <param index="0">
              <value>
                <![CDATA[http://localhost:4444/wd/hub]]>
              </value>
            </param>
            <param index="1">
              <value>
                <![CDATA[chrome]]>
              </value>
            </param>
            <param index="2">
              <value>
                <![CDATA[[TestResult name=testLogin status=SUCCESS method=LoginTest.testLogin(java.lang.String, java.lang.String)[pri:0, instance:scripts.LoginTest@7a1234bf] output={null}]]]>
              </value>
            </param>
          </params>
          <reporter-output>
          </reporter-output>
        </test-method> <!-- preCondition -->
        <test-method signature="testLogin(java.lang.String, java.lang.String)[pri:0, instance:scripts.LoginTest@7a1234bf]" started-at="2022-01-29T11:55:55Z" name="testLogin" data-provider="getDataFromCSV" finished-at="2022-01-29T11:55:56Z" duration-ms="442" status="PASS">
          <params>
            <param index="0">
              <value>
                <![CDATA[vijay.udagatti]]>
              </value>
            </param>
            <param index="1">
              <value>
                <![CDATA[chandviji]]>
              </value>
            </param>
          </params>
          <reporter-output>
          </reporter-output>
        </test-method> <!-- testLogin -->
        <test-method is-config="true" signature="postCondition(org.testng.ITestResult)[pri:0, instance:scripts.LoginTest@7a1234bf]" started-at="2022-01-29T11:55:56Z" name="postCondition" finished-at="2022-01-29T11:55:57Z" duration-ms="856" status="PASS">
          <params>
            <param index="0">
              <value>
                <![CDATA[[TestResult name=testLogin status=SUCCESS method=LoginTest.testLogin(java.lang.String, java.lang.String)[pri:0, instance:scripts.LoginTest@7a1234bf] output={null}]]]>
              </value>
            </param>
          </params>
          <reporter-output>
          </reporter-output>
        </test-method> <!-- postCondition -->
        <test-method is-config="true" signature="publishReport()[pri:0, instance:scripts.LoginTest@7a1234bf]" started-at="2022-01-29T11:55:57Z" name="publishReport" finished-at="2022-01-29T11:55:57Z" duration-ms="603" status="PASS">
          <reporter-output>
          </reporter-output>
        </test-method> <!-- publishReport -->
      </class> <!-- scripts.LoginTest -->
    </test> <!-- Test -->
  </suite> <!-- Suite -->
</testng-results>
