<?xml version="1.0" encoding="UTF-8"?>
<testng-results ignored="0" total="1" passed="1" failed="0" skipped="0">
  <reporter-output>
  </reporter-output>
  <suite started-at="2022-01-30T14:24:43 IST" name="Default suite" finished-at="2022-01-30T14:24:56 IST" duration-ms="12493">
    <groups>
    </groups>
    <test started-at="2022-01-30T14:24:43 IST" name="Default test" finished-at="2022-01-30T14:24:56 IST" duration-ms="12493">
      <class name="listener.ListenerTest">
        <test-method signature="testA()[pri:0, instance:listener.ListenerTest@503d687a]" started-at="2022-01-30T14:24:43 IST" name="testA" finished-at="2022-01-30T14:24:56 IST" duration-ms="12428" status="PASS">
          <reporter-output>
          </reporter-output>
        </test-method> <!-- testA -->
      </class> <!-- listener.ListenerTest -->
    </test> <!-- Default test -->
  </suite> <!-- Default suite -->
</testng-results>
