<?xml version="1.0" encoding="UTF-8"?>
<testng-results ignored="0" total="0" passed="0" failed="0" skipped="0">
  <reporter-output>
  </reporter-output>
  <suite started-at="2022-01-02T16:30:50 IST" name="Suite" finished-at="2022-01-02T16:30:50 IST" duration-ms="13">
    <groups>
    </groups>
    <test started-at="2022-01-02T16:30:50 IST" name="TestGC" finished-at="2022-01-02T16:30:50 IST" duration-ms="13">
    </test> <!-- TestGC -->
    <test started-at="2022-01-02T16:30:50 IST" name="TestFF" finished-at="2022-01-02T16:30:50 IST" duration-ms="13">
    </test> <!-- TestFF -->
  </suite> <!-- Suite -->
</testng-results>
